<?xml version="1.0" encoding="UTF-8"?>
<!-- Generated by org.testng.reporters.JUnitXMLReporter -->
<testsuite ignored="0" hostname="igate-pc" failures="0" tests="4" name="Test" time="6.045" errors="0" timestamp="2024-04-27T15:33:18 IST">
  <testcase classname="testcases.TC_02_Login" name="login" time="0.614"/>
  <testcase classname="testcases.TC_02_Login" name="login_data_entry" time="0.75"/>
  <testcase classname="testcases.TC_02_Login" name="loggingout" time="1.13"/>
  <testcase classname="testcases.TC_02_Login" name="logoutToHome" time="0.012"/>
</testsuite> <!-- Test -->
