<?xml version="1.0" encoding="UTF-8"?>
<!-- Generated by org.testng.reporters.JUnitXMLReporter -->
<testsuite ignored="0" hostname="igate-pc" failures="0" tests="12" name="Test" time="28.181" errors="0" timestamp="2024-04-30T15:38:30 IST">
  <testcase classname="testcases.TC_02_Login" name="login" time="0.764"/>
  <testcase classname="testcases.TC_02_Login" name="login_data_entry" time="0.867"/>
  <testcase classname="testcases.TC_02_Login" name="loggingout" time="1.19"/>
  <testcase classname="testcases.TC_02_Login" name="logoutToHome" time="0.019"/>
  <testcase classname="testcases.TC_01_Register" name="register" time="0.854"/>
  <testcase classname="testcases.TC_01_Register" name="registerDataentry" time="2.522"/>
  <testcase classname="testcases.TC_01_Register" name="loggingout" time="1.106"/>
  <testcase classname="testcases.TC_01_Register" name="logoutToHome" time="0.012"/>
  <testcase classname="testcases.TC_02_Login_DataDriven" name="login_data_entry" time="2.514"/>
  <testcase classname="testcases.TC_02_Login_DataDriven" name="login_data_entry" time="2.395"/>
  <testcase classname="testcases.TC_02_Login_DataDriven" name="login_data_entry" time="1.751"/>
  <testcase classname="testcases.TC_02_Login_DataDriven" name="login_data_entry" time="1.729"/>
</testsuite> <!-- Test -->
