<?xml version="1.0" encoding="UTF-8"?>
<testsuite xmlns:xsi="http://www.w3.org/2001/XMLSchema-instance" xsi:noNamespaceSchemaLocation="https://maven.apache.org/surefire/maven-surefire-plugin/xsd/surefire-test-report-3.0.xsd" version="3.0" name="TestSuite" time="29.317" tests="12" errors="0" skipped="0" failures="0">
  <properties>
[...]
</properties>
  <testcase name="login" classname="testcases.TC_02_Login" time="0.763">
    <system-out><![CDATA[hello this is starting of report
]]></system-out>
    <system-err><![CDATA[SLF4J: Failed to load class "org.slf4j.impl.StaticLoggerBinder".
SLF4J: Defaulting to no-operation (NOP) logger implementation
SLF4J: See http://www.slf4j.org/codes.html#StaticLoggerBinder for further details.
Apr 30, 2024 3:38:04 PM org.openqa.selenium.devtools.CdpVersionFinder findNearestMatch
WARNING: Unable to find CDP implementation matching 109
Apr 30, 2024 3:38:04 PM org.openqa.selenium.chromium.ChromiumDriver lambda$new$5
WARNING: Unable to find version of CDP to use for 109.0.5414.168. You may need to include a dependency on a specific version of the CDP using something similar to `org.seleniumhq.selenium:selenium-devtools-v86:4.18.1` where the version ("v86") matches the version of the chromium-based browser you're using and the version number of the artifact is the same as Selenium's.
]]></system-err>
  </testcase>
  <testcase name="login_data_entry" classname="testcases.TC_02_Login" time="0.866"/>
  <testcase name="loggingout" classname="testcases.TC_02_Login" time="1.191"/>
  <testcase name="logoutToHome" classname="testcases.TC_02_Login" time="0.018"/>
  <testcase name="register" classname="testcases.TC_01_Register" time="0.854">
    <system-err><![CDATA[Apr 30, 2024 3:38:12 PM org.openqa.selenium.devtools.CdpVersionFinder findNearestMatch
WARNING: Unable to find CDP implementation matching 109
Apr 30, 2024 3:38:12 PM org.openqa.selenium.chromium.ChromiumDriver lambda$new$5
WARNING: Unable to find version of CDP to use for 109.0.5414.168. You may need to include a dependency on a specific version of the CDP using something similar to `org.seleniumhq.selenium:selenium-devtools-v86:4.18.1` where the version ("v86") matches the version of the chromium-based browser you're using and the version number of the artifact is the same as Selenium's.
]]></system-err>
  </testcase>
  <testcase name="registerDataentry" classname="testcases.TC_01_Register" time="2.524"/>
  <testcase name="loggingout" classname="testcases.TC_01_Register" time="1.108"/>
  <testcase name="logoutToHome" classname="testcases.TC_01_Register" time="0.01"/>
  <testcase name="login_data_entry[igatesolutions@gmail.com, igate12345, valid](1)" classname="testcases.TC_02_Login_DataDriven" time="2.515">
    <system-err><![CDATA[Apr 30, 2024 3:38:19 PM org.openqa.selenium.devtools.CdpVersionFinder findNearestMatch
WARNING: Unable to find CDP implementation matching 109
Apr 30, 2024 3:38:19 PM org.openqa.selenium.chromium.ChromiumDriver lambda$new$5
WARNING: Unable to find version of CDP to use for 109.0.5414.168. You may need to include a dependency on a specific version of the CDP using something similar to `org.seleniumhq.selenium:selenium-devtools-v86:4.18.1` where the version ("v86") matches the version of the chromium-based browser you're using and the version number of the artifact is the same as Selenium's.
]]></system-err>
  </testcase>
  <testcase name="login_data_entry[helloigate@gmail.com, hello12345, valid](2)" classname="testcases.TC_02_Login_DataDriven" time="2.395"/>
  <testcase name="login_data_entry[igatesolutions@gmail.com, 12345igate, invalid](3)" classname="testcases.TC_02_Login_DataDriven" time="1.753"/>
  <testcase name="login_data_entry[alpha@gmail.com, hello12345, invalid](4)" classname="testcases.TC_02_Login_DataDriven" time="1.729"/>
</testsuite>